This is pdfTeX, Version 3.141592653-2.6-1.40.27 (MiKTeX 25.4) (preloaded format=pdflatex 2025.8.25)  27 AUG 2025 18:28
entering extended mode
 restricted \write18 enabled.
 file:line:error style messages enabled.
 %&-line parsing enabled.
**c:/Users/WolframFe/Documents/TRUMPF/Projektarbeiten/PA1/Projektarbeit_1_LaTeX/latex-vorlage.tex
(c:/Users/WolframFe/Documents/TRUMPF/Projektarbeiten/PA1/Projektarbeit_1_LaTeX/latex-vorlage.tex
LaTeX2e <2025-06-01> patch level 1
L3 programming layer <2025-07-20>
(includes/config.tex) (C:\Users\WolframFe\AppData\Local\Programs\MiKTeX\tex/latex/koma-script\scrreprt.cls
Document Class: scrreprt 2025/06/04 v3.45 KOMA-Script document class (report)
(C:\Users\WolframFe\AppData\Local\Programs\MiKTeX\tex/latex/koma-script\scrkbase.sty
Package: scrkbase 2025/06/04 v3.45 KOMA-Script package (KOMA-Script-dependent basics and keyval usage)
 (C:\Users\WolframFe\AppData\Local\Programs\MiKTeX\tex/latex/koma-script\scrbase.sty
Package: scrbase 2025/06/04 v3.45 KOMA-Script package (KOMA-Script-independent basics and keyval usage)
 (C:\Users\WolframFe\AppData\Local\Programs\MiKTeX\tex/latex/koma-script\scrlfile.sty
Package: scrlfile 2025/06/04 v3.45 KOMA-Script package (file load hooks)
 (C:\Users\WolframFe\AppData\Local\Programs\MiKTeX\tex/latex/koma-script\scrlfile-hook.sty
Package: scrlfile-hook 2025/06/04 v3.45 KOMA-Script package (using LaTeX hooks)
 (C:\Users\WolframFe\AppData\Local\Programs\MiKTeX\tex/latex/koma-script\scrlogo.sty
Package: scrlogo 2025/06/04 v3.45 KOMA-Script package (logo)
))) (C:\Users\WolframFe\AppData\Local\Programs\MiKTeX\tex/latex/graphics\keyval.sty
Package: keyval 2022/05/29 v1.15 key=value parser (DPC)
\KV@toks@=\toks17
)
Applying: [2021/05/01] Usage of raw or classic option list on input line 254.
Already applied: [0000/00/00] Usage of raw or classic option list on input line 370.
)) (C:\Users\WolframFe\AppData\Local\Programs\MiKTeX\tex/latex/koma-script\tocbasic.sty
Package: tocbasic 2025/06/04 v3.45 KOMA-Script package (handling toc-files)
\scr@dte@tocline@numberwidth=\skip49
\scr@dte@tocline@numbox=\box53
)
Package tocbasic Info: omitting babel extension for `toc'
(tocbasic)             because of feature `nobabel' available
(tocbasic)             for `toc' on input line 137.
Class scrreprt Info: You've used standard option `oneside'.
(scrreprt)           This is correct!
(scrreprt)           Internally I'm using `twoside=false'.
(scrreprt)           If you'd like to set the option with \KOMAoptions,
(scrreprt)           you'd have to use `twoside=false' there
(scrreprt)           instead of `oneside', too.
Class scrreprt Info: File `scrsize11pt.clo' used to setup font sizes on input line 2697.
 (C:\Users\WolframFe\AppData\Local\Programs\MiKTeX\tex/latex/koma-script\scrsize11pt.clo
File: scrsize11pt.clo 2025/06/04 v3.45 KOMA-Script font size class option (11pt)
) (C:\Users\WolframFe\AppData\Local\Programs\MiKTeX\tex/latex/koma-script\typearea.sty
Package: typearea 2025/06/04 v3.45 KOMA-Script package (type area)
\ta@bcor=\skip50
\ta@div=\count275
Package typearea Info: You've used standard option `a4paper'.
(typearea)             This is correct!
(typearea)             Internally I'm using `paper=a4'.
(typearea)             If you'd like to set the option with \KOMAoptions,
(typearea)             you'd have to use `paper=a4' there
(typearea)             instead of `a4paper', too.
Package typearea Info: You've used standard option `oneside'.
(typearea)             This is correct!
(typearea)             Internally I'm using `twoside=false'.
(typearea)             If you'd like to set the option with \KOMAoptions,
(typearea)             you'd have to use `twoside=false' there
(typearea)             instead of `oneside', too.
\ta@hblk=\skip51
\ta@vblk=\skip52
\ta@temp=\skip53
\footheight=\skip54
Package typearea Info: These are the values describing the layout:
(typearea)             DIV  = 10
(typearea)             BCOR = 0.0pt
(typearea)             \paperwidth      = 597.50793pt
(typearea)              \textwidth      = 418.25555pt
(typearea)              DIV departure   = -6%
(typearea)              \evensidemargin = 17.3562pt
(typearea)              \oddsidemargin  = 17.3562pt
(typearea)             \paperheight     = 845.04694pt
(typearea)              \textheight     = 595.80026pt
(typearea)              \topmargin      = -25.16531pt
(typearea)              \headheight     = 17.0pt
(typearea)              \headsep        = 20.40001pt
(typearea)              \topskip        = 11.0pt
(typearea)              \footskip       = 47.6pt
(typearea)              \baselineskip   = 13.6pt
(typearea)              on input line 1804.
)
\c@part=\count276
\c@chapter=\count277
\c@section=\count278
\c@subsection=\count279
\c@subsubsection=\count280
\c@paragraph=\count281
\c@subparagraph=\count282
\scr@dte@chapter@maxnumwidth=\skip55
Class scrreprt Info: using compatibility default `afterindent=bysign'
(scrreprt)           for `\chapter on input line 6036.
\scr@dte@section@maxnumwidth=\skip56
Class scrreprt Info: using compatibility default `runin=bysign'
(scrreprt)           for `\section on input line 6047.
Class scrreprt Info: using compatibility default `afterindent=bysign'
(scrreprt)           for `\section on input line 6047.
\scr@dte@part@maxnumwidth=\skip57
Class scrreprt Info: using compatibility default `afterindent=true'
(scrreprt)           for `\part on input line 6056.
\scr@dte@subsection@maxnumwidth=\skip58
Class scrreprt Info: using compatibility default `runin=bysign'
(scrreprt)           for `\subsection on input line 6066.
Class scrreprt Info: using compatibility default `afterindent=bysign'
(scrreprt)           for `\subsection on input line 6066.
\scr@dte@subsubsection@maxnumwidth=\skip59
Class scrreprt Info: using compatibility default `runin=bysign'
(scrreprt)           for `\subsubsection on input line 6076.
Class scrreprt Info: using compatibility default `afterindent=bysign'
(scrreprt)           for `\subsubsection on input line 6076.
\scr@dte@paragraph@maxnumwidth=\skip60
Class scrreprt Info: using compatibility default `runin=bysign'
(scrreprt)           for `\paragraph on input line 6087.
Class scrreprt Info: using compatibility default `afterindent=bysign'
(scrreprt)           for `\paragraph on input line 6087.
\scr@dte@subparagraph@maxnumwidth=\skip61
Class scrreprt Info: using compatibility default `runin=bysign'
(scrreprt)           for `\subparagraph on input line 6097.
Class scrreprt Info: using compatibility default `afterindent=bysign'
(scrreprt)           for `\subparagraph on input line 6097.
\abovecaptionskip=\skip62
\belowcaptionskip=\skip63
\c@pti@nb@sid@b@x=\box54
Package tocbasic Info: omitting babel extension for `lof'
(tocbasic)             because of feature `nobabel' available
(tocbasic)             for `lof' on input line 7300.
\scr@dte@figure@maxnumwidth=\skip64
\c@figure=\count283
Package tocbasic Info: omitting babel extension for `lot'
(tocbasic)             because of feature `nobabel' available
(tocbasic)             for `lot' on input line 7317.
\scr@dte@table@maxnumwidth=\skip65
\c@table=\count284
Class scrreprt Info: Redefining `\numberline' on input line 7488.
\bibindent=\dimen148
) (template/_dhbw_praeambel.tex (C:\Users\WolframFe\AppData\Local\Programs\MiKTeX\tex/latex/base\ifthen.sty
Package: ifthen 2024/03/16 v1.1e Standard LaTeX ifthen package (DPC)
) (C:\Users\WolframFe\AppData\Local\Programs\MiKTeX\tex/latex/tools\tabularx.sty
Package: tabularx 2023/12/11 v2.12a `tabularx' package (DPC)
 (C:\Users\WolframFe\AppData\Local\Programs\MiKTeX\tex/latex/tools\array.sty
Package: array 2025/06/08 v2.6j Tabular extension package (FMi)
\col@sep=\dimen149
\ar@mcellbox=\box55
\extrarowheight=\dimen150
\NC@list=\toks18
\extratabsurround=\skip66
\backup@length=\skip67
\ar@cellbox=\box56
)
\TX@col@width=\dimen151
\TX@old@table=\dimen152
\TX@old@col=\dimen153
\TX@target=\dimen154
\TX@delta=\dimen155
\TX@cols=\count285
\TX@ftn=\toks19
) (C:\Users\WolframFe\AppData\Local\Programs\MiKTeX\tex/latex/enumitem\enumitem.sty
Package: enumitem 2025/02/06 v3.11 Customized lists
\labelindent=\skip68
\enit@outerparindent=\dimen156
\enit@toks=\toks20
\enit@inbox=\box57
\enit@count@id=\count286
\enitdp@description=\count287
) (C:\Users\WolframFe\AppData\Local\Programs\MiKTeX\tex/latex/pgf/frontendlayer\tikz.sty (C:\Users\WolframFe\AppData\Local\Programs\MiKTeX\tex/latex/pgf/basiclayer\pgf.sty (C:\Users\WolframFe\AppData\Local\Programs\MiKTeX\tex/latex/pgf/utilities\pgfrcs.sty (C:\Users\WolframFe\AppData\Local\Programs\MiKTeX\tex/generic/pgf/utilities\pgfutil-common.tex
\pgfutil@everybye=\toks21
\pgfutil@tempdima=\dimen157
\pgfutil@tempdimb=\dimen158
) (C:\Users\WolframFe\AppData\Local\Programs\MiKTeX\tex/generic/pgf/utilities\pgfutil-latex.def
\pgfutil@abb=\box58
) (C:\Users\WolframFe\AppData\Local\Programs\MiKTeX\tex/generic/pgf/utilities\pgfrcs.code.tex (C:\Users\WolframFe\AppData\Local\Programs\MiKTeX\tex/generic/pgf\pgf.revision.tex)
Package: pgfrcs 2023-01-15 v3.1.10 (3.1.10)
))
Package: pgf 2023-01-15 v3.1.10 (3.1.10)
 (C:\Users\WolframFe\AppData\Local\Programs\MiKTeX\tex/latex/pgf/basiclayer\pgfcore.sty (C:\Users\WolframFe\AppData\Local\Programs\MiKTeX\tex/latex/graphics\graphicx.sty
Package: graphicx 2024/12/31 v1.2e Enhanced LaTeX Graphics (DPC,SPQR)
 (C:\Users\WolframFe\AppData\Local\Programs\MiKTeX\tex/latex/graphics\graphics.sty
Package: graphics 2024/08/06 v1.4g Standard LaTeX Graphics (DPC,SPQR)
 (C:\Users\WolframFe\AppData\Local\Programs\MiKTeX\tex/latex/graphics\trig.sty
Package: trig 2023/12/02 v1.11 sin cos tan (DPC)
) (C:\Users\WolframFe\AppData\Local\Programs\MiKTeX\tex/latex/graphics-cfg\graphics.cfg
File: graphics.cfg 2016/06/04 v1.11 sample graphics configuration
)
Package graphics Info: Driver file: pdftex.def on input line 106.
 (C:\Users\WolframFe\AppData\Local\Programs\MiKTeX\tex/latex/graphics-def\pdftex.def
File: pdftex.def 2024/04/13 v1.2c Graphics/color driver for pdftex
))
\Gin@req@height=\dimen159
\Gin@req@width=\dimen160
) (C:\Users\WolframFe\AppData\Local\Programs\MiKTeX\tex/latex/pgf/systemlayer\pgfsys.sty (C:\Users\WolframFe\AppData\Local\Programs\MiKTeX\tex/generic/pgf/systemlayer\pgfsys.code.tex
Package: pgfsys 2023-01-15 v3.1.10 (3.1.10)
 (C:\Users\WolframFe\AppData\Local\Programs\MiKTeX\tex/generic/pgf/utilities\pgfkeys.code.tex
\pgfkeys@pathtoks=\toks22
\pgfkeys@temptoks=\toks23
 (C:\Users\WolframFe\AppData\Local\Programs\MiKTeX\tex/generic/pgf/utilities\pgfkeyslibraryfiltered.code.tex
\pgfkeys@tmptoks=\toks24
))
\pgf@x=\dimen161
\pgf@y=\dimen162
\pgf@xa=\dimen163
\pgf@ya=\dimen164
\pgf@xb=\dimen165
\pgf@yb=\dimen166
\pgf@xc=\dimen167
\pgf@yc=\dimen168
\pgf@xd=\dimen169
\pgf@yd=\dimen170
\w@pgf@writea=\write3
\r@pgf@reada=\read2
\c@pgf@counta=\count288
\c@pgf@countb=\count289
\c@pgf@countc=\count290
\c@pgf@countd=\count291
\t@pgf@toka=\toks25
\t@pgf@tokb=\toks26
\t@pgf@tokc=\toks27
\pgf@sys@id@count=\count292
 (C:\Users\WolframFe\AppData\Local\Programs\MiKTeX\tex/generic/pgf/systemlayer\pgf.cfg
File: pgf.cfg 2023-01-15 v3.1.10 (3.1.10)
)
Driver file for pgf: pgfsys-pdftex.def
 (C:\Users\WolframFe\AppData\Local\Programs\MiKTeX\tex/generic/pgf/systemlayer\pgfsys-pdftex.def
File: pgfsys-pdftex.def 2023-01-15 v3.1.10 (3.1.10)
 (C:\Users\WolframFe\AppData\Local\Programs\MiKTeX\tex/generic/pgf/systemlayer\pgfsys-common-pdf.def
File: pgfsys-common-pdf.def 2023-01-15 v3.1.10 (3.1.10)
))) (C:\Users\WolframFe\AppData\Local\Programs\MiKTeX\tex/generic/pgf/systemlayer\pgfsyssoftpath.code.tex
File: pgfsyssoftpath.code.tex 2023-01-15 v3.1.10 (3.1.10)
\pgfsyssoftpath@smallbuffer@items=\count293
\pgfsyssoftpath@bigbuffer@items=\count294
) (C:\Users\WolframFe\AppData\Local\Programs\MiKTeX\tex/generic/pgf/systemlayer\pgfsysprotocol.code.tex
File: pgfsysprotocol.code.tex 2023-01-15 v3.1.10 (3.1.10)
)) (C:\Users\WolframFe\AppData\Local\Programs\MiKTeX\tex/latex/xcolor\xcolor.sty
Package: xcolor 2024/09/29 v3.02 LaTeX color extensions (UK)
 (C:\Users\WolframFe\AppData\Local\Programs\MiKTeX\tex/latex/graphics-cfg\color.cfg
File: color.cfg 2016/01/02 v1.6 sample color configuration
)
Package xcolor Info: Driver file: pdftex.def on input line 274.
 (C:\Users\WolframFe\AppData\Local\Programs\MiKTeX\tex/latex/graphics\mathcolor.ltx)
Package xcolor Info: Model `cmy' substituted by `cmy0' on input line 1349.
Package xcolor Info: Model `hsb' substituted by `rgb' on input line 1353.
Package xcolor Info: Model `RGB' extended on input line 1365.
Package xcolor Info: Model `HTML' substituted by `rgb' on input line 1367.
Package xcolor Info: Model `Hsb' substituted by `hsb' on input line 1368.
Package xcolor Info: Model `tHsb' substituted by `hsb' on input line 1369.
Package xcolor Info: Model `HSB' substituted by `hsb' on input line 1370.
Package xcolor Info: Model `Gray' substituted by `gray' on input line 1371.
Package xcolor Info: Model `wave' substituted by `hsb' on input line 1372.
) (C:\Users\WolframFe\AppData\Local\Programs\MiKTeX\tex/generic/pgf/basiclayer\pgfcore.code.tex
Package: pgfcore 2023-01-15 v3.1.10 (3.1.10)
 (C:\Users\WolframFe\AppData\Local\Programs\MiKTeX\tex/generic/pgf/math\pgfmath.code.tex (C:\Users\WolframFe\AppData\Local\Programs\MiKTeX\tex/generic/pgf/math\pgfmathutil.code.tex) (C:\Users\WolframFe\AppData\Local\Programs\MiKTeX\tex/generic/pgf/math\pgfmathparser.code.tex
\pgfmath@dimen=\dimen171
\pgfmath@count=\count295
\pgfmath@box=\box59
\pgfmath@toks=\toks28
\pgfmath@stack@operand=\toks29
\pgfmath@stack@operation=\toks30
) (C:\Users\WolframFe\AppData\Local\Programs\MiKTeX\tex/generic/pgf/math\pgfmathfunctions.code.tex) (C:\Users\WolframFe\AppData\Local\Programs\MiKTeX\tex/generic/pgf/math\pgfmathfunctions.basic.code.tex) (C:\Users\WolframFe\AppData\Local\Programs\MiKTeX\tex/generic/pgf/math\pgfmathfunctions.trigonometric.code.tex) (C:\Users\WolframFe\AppData\Local\Programs\MiKTeX\tex/generic/pgf/math\pgfmathfunctions.random.code.tex) (C:\Users\WolframFe\AppData\Local\Programs\MiKTeX\tex/generic/pgf/math\pgfmathfunctions.comparison.code.tex) (C:\Users\WolframFe\AppData\Local\Programs\MiKTeX\tex/generic/pgf/math\pgfmathfunctions.base.code.tex) (C:\Users\WolframFe\AppData\Local\Programs\MiKTeX\tex/generic/pgf/math\pgfmathfunctions.round.code.tex) (C:\Users\WolframFe\AppData\Local\Programs\MiKTeX\tex/generic/pgf/math\pgfmathfunctions.misc.code.tex) (C:\Users\WolframFe\AppData\Local\Programs\MiKTeX\tex/generic/pgf/math\pgfmathfunctions.integerarithmetics.code.tex) (C:\Users\WolframFe\AppData\Local\Programs\MiKTeX\tex/generic/pgf/math\pgfmathcalc.code.tex) (C:\Users\WolframFe\AppData\Local\Programs\MiKTeX\tex/generic/pgf/math\pgfmathfloat.code.tex
\c@pgfmathroundto@lastzeros=\count296
)) (C:\Users\WolframFe\AppData\Local\Programs\MiKTeX\tex/generic/pgf/math\pgfint.code.tex) (C:\Users\WolframFe\AppData\Local\Programs\MiKTeX\tex/generic/pgf/basiclayer\pgfcorepoints.code.tex
File: pgfcorepoints.code.tex 2023-01-15 v3.1.10 (3.1.10)
\pgf@picminx=\dimen172
\pgf@picmaxx=\dimen173
\pgf@picminy=\dimen174
\pgf@picmaxy=\dimen175
\pgf@pathminx=\dimen176
\pgf@pathmaxx=\dimen177
\pgf@pathminy=\dimen178
\pgf@pathmaxy=\dimen179
\pgf@xx=\dimen180
\pgf@xy=\dimen181
\pgf@yx=\dimen182
\pgf@yy=\dimen183
\pgf@zx=\dimen184
\pgf@zy=\dimen185
) (C:\Users\WolframFe\AppData\Local\Programs\MiKTeX\tex/generic/pgf/basiclayer\pgfcorepathconstruct.code.tex
File: pgfcorepathconstruct.code.tex 2023-01-15 v3.1.10 (3.1.10)
\pgf@path@lastx=\dimen186
\pgf@path@lasty=\dimen187
) (C:\Users\WolframFe\AppData\Local\Programs\MiKTeX\tex/generic/pgf/basiclayer\pgfcorepathusage.code.tex
File: pgfcorepathusage.code.tex 2023-01-15 v3.1.10 (3.1.10)
\pgf@shorten@end@additional=\dimen188
\pgf@shorten@start@additional=\dimen189
) (C:\Users\WolframFe\AppData\Local\Programs\MiKTeX\tex/generic/pgf/basiclayer\pgfcorescopes.code.tex
File: pgfcorescopes.code.tex 2023-01-15 v3.1.10 (3.1.10)
\pgfpic=\box60
\pgf@hbox=\box61
\pgf@layerbox@main=\box62
\pgf@picture@serial@count=\count297
) (C:\Users\WolframFe\AppData\Local\Programs\MiKTeX\tex/generic/pgf/basiclayer\pgfcoregraphicstate.code.tex
File: pgfcoregraphicstate.code.tex 2023-01-15 v3.1.10 (3.1.10)
\pgflinewidth=\dimen190
) (C:\Users\WolframFe\AppData\Local\Programs\MiKTeX\tex/generic/pgf/basiclayer\pgfcoretransformations.code.tex
File: pgfcoretransformations.code.tex 2023-01-15 v3.1.10 (3.1.10)
\pgf@pt@x=\dimen191
\pgf@pt@y=\dimen192
\pgf@pt@temp=\dimen193
) (C:\Users\WolframFe\AppData\Local\Programs\MiKTeX\tex/generic/pgf/basiclayer\pgfcorequick.code.tex
File: pgfcorequick.code.tex 2023-01-15 v3.1.10 (3.1.10)
) (C:\Users\WolframFe\AppData\Local\Programs\MiKTeX\tex/generic/pgf/basiclayer\pgfcoreobjects.code.tex
File: pgfcoreobjects.code.tex 2023-01-15 v3.1.10 (3.1.10)
) (C:\Users\WolframFe\AppData\Local\Programs\MiKTeX\tex/generic/pgf/basiclayer\pgfcorepathprocessing.code.tex
File: pgfcorepathprocessing.code.tex 2023-01-15 v3.1.10 (3.1.10)
) (C:\Users\WolframFe\AppData\Local\Programs\MiKTeX\tex/generic/pgf/basiclayer\pgfcorearrows.code.tex
File: pgfcorearrows.code.tex 2023-01-15 v3.1.10 (3.1.10)
\pgfarrowsep=\dimen194
) (C:\Users\WolframFe\AppData\Local\Programs\MiKTeX\tex/generic/pgf/basiclayer\pgfcoreshade.code.tex
File: pgfcoreshade.code.tex 2023-01-15 v3.1.10 (3.1.10)
\pgf@max=\dimen195
\pgf@sys@shading@range@num=\count298
\pgf@shadingcount=\count299
) (C:\Users\WolframFe\AppData\Local\Programs\MiKTeX\tex/generic/pgf/basiclayer\pgfcoreimage.code.tex
File: pgfcoreimage.code.tex 2023-01-15 v3.1.10 (3.1.10)
) (C:\Users\WolframFe\AppData\Local\Programs\MiKTeX\tex/generic/pgf/basiclayer\pgfcoreexternal.code.tex
File: pgfcoreexternal.code.tex 2023-01-15 v3.1.10 (3.1.10)
\pgfexternal@startupbox=\box63
) (C:\Users\WolframFe\AppData\Local\Programs\MiKTeX\tex/generic/pgf/basiclayer\pgfcorelayers.code.tex
File: pgfcorelayers.code.tex 2023-01-15 v3.1.10 (3.1.10)
) (C:\Users\WolframFe\AppData\Local\Programs\MiKTeX\tex/generic/pgf/basiclayer\pgfcoretransparency.code.tex
File: pgfcoretransparency.code.tex 2023-01-15 v3.1.10 (3.1.10)
) (C:\Users\WolframFe\AppData\Local\Programs\MiKTeX\tex/generic/pgf/basiclayer\pgfcorepatterns.code.tex
File: pgfcorepatterns.code.tex 2023-01-15 v3.1.10 (3.1.10)
) (C:\Users\WolframFe\AppData\Local\Programs\MiKTeX\tex/generic/pgf/basiclayer\pgfcorerdf.code.tex
File: pgfcorerdf.code.tex 2023-01-15 v3.1.10 (3.1.10)
))) (C:\Users\WolframFe\AppData\Local\Programs\MiKTeX\tex/generic/pgf/modules\pgfmoduleshapes.code.tex
File: pgfmoduleshapes.code.tex 2023-01-15 v3.1.10 (3.1.10)
\pgfnodeparttextbox=\box64
) (C:\Users\WolframFe\AppData\Local\Programs\MiKTeX\tex/generic/pgf/modules\pgfmoduleplot.code.tex
File: pgfmoduleplot.code.tex 2023-01-15 v3.1.10 (3.1.10)
) (C:\Users\WolframFe\AppData\Local\Programs\MiKTeX\tex/latex/pgf/compatibility\pgfcomp-version-0-65.sty
Package: pgfcomp-version-0-65 2023-01-15 v3.1.10 (3.1.10)
\pgf@nodesepstart=\dimen196
\pgf@nodesepend=\dimen197
) (C:\Users\WolframFe\AppData\Local\Programs\MiKTeX\tex/latex/pgf/compatibility\pgfcomp-version-1-18.sty
Package: pgfcomp-version-1-18 2023-01-15 v3.1.10 (3.1.10)
)) (C:\Users\WolframFe\AppData\Local\Programs\MiKTeX\tex/latex/pgf/utilities\pgffor.sty (C:\Users\WolframFe\AppData\Local\Programs\MiKTeX\tex/latex/pgf/utilities\pgfkeys.sty (C:\Users\WolframFe\AppData\Local\Programs\MiKTeX\tex/generic/pgf/utilities\pgfkeys.code.tex)) (C:\Users\WolframFe\AppData\Local\Programs\MiKTeX\tex/latex/pgf/math\pgfmath.sty (C:\Users\WolframFe\AppData\Local\Programs\MiKTeX\tex/generic/pgf/math\pgfmath.code.tex)) (C:\Users\WolframFe\AppData\Local\Programs\MiKTeX\tex/generic/pgf/utilities\pgffor.code.tex
Package: pgffor 2023-01-15 v3.1.10 (3.1.10)
\pgffor@iter=\dimen198
\pgffor@skip=\dimen199
\pgffor@stack=\toks31
\pgffor@toks=\toks32
)) (C:\Users\WolframFe\AppData\Local\Programs\MiKTeX\tex/generic/pgf/frontendlayer/tikz\tikz.code.tex
Package: tikz 2023-01-15 v3.1.10 (3.1.10)
 (C:\Users\WolframFe\AppData\Local\Programs\MiKTeX\tex/generic/pgf/libraries\pgflibraryplothandlers.code.tex
File: pgflibraryplothandlers.code.tex 2023-01-15 v3.1.10 (3.1.10)
\pgf@plot@mark@count=\count300
\pgfplotmarksize=\dimen256
)
\tikz@lastx=\dimen257
\tikz@lasty=\dimen258
\tikz@lastxsaved=\dimen259
\tikz@lastysaved=\dimen260
\tikz@lastmovetox=\dimen261
\tikz@lastmovetoy=\dimen262
\tikzleveldistance=\dimen263
\tikzsiblingdistance=\dimen264
\tikz@figbox=\box65
\tikz@figbox@bg=\box66
\tikz@tempbox=\box67
\tikz@tempbox@bg=\box68
\tikztreelevel=\count301
\tikznumberofchildren=\count302
\tikznumberofcurrentchild=\count303
\tikz@fig@count=\count304
 (C:\Users\WolframFe\AppData\Local\Programs\MiKTeX\tex/generic/pgf/modules\pgfmodulematrix.code.tex
File: pgfmodulematrix.code.tex 2023-01-15 v3.1.10 (3.1.10)
\pgfmatrixcurrentrow=\count305
\pgfmatrixcurrentcolumn=\count306
\pgf@matrix@numberofcolumns=\count307
)
\tikz@expandcount=\count308
 (C:\Users\WolframFe\AppData\Local\Programs\MiKTeX\tex/generic/pgf/frontendlayer/tikz/libraries\tikzlibrarytopaths.code.tex
File: tikzlibrarytopaths.code.tex 2023-01-15 v3.1.10 (3.1.10)
))) (C:\Users\WolframFe\AppData\Local\Programs\MiKTeX\tex/latex/caption\subcaption.sty
Package: subcaption 2023/07/28 v1.6b Sub-captions (AR)
 (C:\Users\WolframFe\AppData\Local\Programs\MiKTeX\tex/latex/caption\caption.sty
Package: caption 2023/08/05 v3.6o Customizing captions (AR)
 (C:\Users\WolframFe\AppData\Local\Programs\MiKTeX\tex/latex/caption\caption3.sty
Package: caption3 2023/07/31 v2.4d caption3 kernel (AR)
\caption@tempdima=\dimen265
\captionmargin=\dimen266
\caption@leftmargin=\dimen267
\caption@rightmargin=\dimen268
\caption@width=\dimen269
\caption@indent=\dimen270
\caption@parindent=\dimen271
\caption@hangindent=\dimen272
Package caption Info: KOMA-Script document class detected.
 (C:\Users\WolframFe\AppData\Local\Programs\MiKTeX\tex/latex/caption\caption-koma.sto
File: caption-koma.sto 2023/09/08 v2.0e Adaption of the caption package to the KOMA-Script document classes (AR)
))
\c@caption@flags=\count309
\c@continuedfloat=\count310
Package caption Info: KOMA-Script scrextend package detected.
\caption@addmargin@hsize=\dimen273
\caption@addmargin@linewidth=\dimen274
)
Package caption Info: New subtype `subfigure' on input line 238.
\c@subfigure=\count311
Package caption Info: New subtype `subtable' on input line 238.
\c@subtable=\count312
) (C:\Users\WolframFe\AppData\Local\Programs\MiKTeX\tex/latex/base\inputenc.sty
Package: inputenc 2024/02/08 v1.3d Input encoding file
\inpenc@prehook=\toks33
\inpenc@posthook=\toks34
) (C:\Users\WolframFe\AppData\Local\Programs\MiKTeX\tex/latex/base\fontenc.sty
Package: fontenc 2024/12/21 v2.1c Standard LaTeX package
) (C:\Users\WolframFe\AppData\Local\Programs\MiKTeX\tex/latex/listings\listings.sty
\lst@mode=\count313
\lst@gtempboxa=\box69
\lst@token=\toks35
\lst@length=\count314
\lst@currlwidth=\dimen275
\lst@column=\count315
\lst@pos=\count316
\lst@lostspace=\dimen276
\lst@width=\dimen277
\lst@newlines=\count317
\lst@lineno=\count318
\lst@maxwidth=\dimen278
 (C:\Users\WolframFe\AppData\Local\Programs\MiKTeX\tex/latex/listings\lstpatch.sty
File: lstpatch.sty 2024/09/23 1.10c (Carsten Heinz)
) (C:\Users\WolframFe\AppData\Local\Programs\MiKTeX\tex/latex/listings\lstmisc.sty
File: lstmisc.sty 2024/09/23 1.10c (Carsten Heinz)
\c@lstnumber=\count319
\lst@skipnumbers=\count320
\lst@framebox=\box70
) (C:\Users\WolframFe\AppData\Local\Programs\MiKTeX\tex/latex/listings\listings.cfg
File: listings.cfg 2024/09/23 1.10c listings configuration
))
Package: listings 2024/09/23 1.10c (Carsten Heinz)
 (C:\Users\WolframFe\AppData\Local\Programs\MiKTeX\tex/latex/geometry\geometry.sty
Package: geometry 2020/01/02 v5.9 Page Geometry
 (C:\Users\WolframFe\AppData\Local\Programs\MiKTeX\tex/generic/iftex\ifvtex.sty
Package: ifvtex 2019/10/25 v1.7 ifvtex legacy package. Use iftex instead.
 (C:\Users\WolframFe\AppData\Local\Programs\MiKTeX\tex/generic/iftex\iftex.sty
Package: iftex 2024/12/12 v1.0g TeX engine tests
))
\Gm@cnth=\count321
\Gm@cntv=\count322
\c@Gm@tempcnt=\count323
\Gm@bindingoffset=\dimen279
\Gm@wd@mp=\dimen280
\Gm@odd@mp=\dimen281
\Gm@even@mp=\dimen282
\Gm@layoutwidth=\dimen283
\Gm@layoutheight=\dimen284
\Gm@layouthoffset=\dimen285
\Gm@layoutvoffset=\dimen286
\Gm@dimlist=\toks36
 (C:\Users\WolframFe\AppData\Local\Programs\MiKTeX\tex/latex/geometry\geometry.cfg)) (C:\Users\WolframFe\AppData\Local\Programs\MiKTeX\tex/generic/babel\babel.sty
Package: babel 2025/08/03 v25.12 The multilingual framework for LuaLaTeX, pdfLaTeX and XeLaTeX
\babel@savecnt=\count324
LaTeX Encoding Info:    Redeclaring text command \ij (encoding OT1) on input line 2045.
LaTeX Encoding Info:    Redeclaring text command \IJ (encoding OT1) on input line 2047.
LaTeX Encoding Info:    Redeclaring text command \ij (encoding T1) on input line 2049.
LaTeX Encoding Info:    Redeclaring text command \IJ (encoding T1) on input line 2050.
LaTeX Encoding Info:    Ignoring declaration for text command \ij (encoding ?) on input line 2051.
LaTeX Encoding Info:    Ignoring declaration for text command \IJ (encoding ?) on input line 2053.
LaTeX Encoding Info:    Ignoring declaration for text command \SS (encoding ?) on input line 2078.
\U@D=\dimen287
\l@unhyphenated=\language79
 (C:\Users\WolframFe\AppData\Local\Programs\MiKTeX\tex/generic/babel\txtbabel.def)
\bbl@readstream=\read3
\bbl@dirlevel=\count325

*************************************
* Local config file bblopts.cfg used
*
(C:\Users\WolframFe\AppData\Local\Programs\MiKTeX\tex/latex/arabi\bblopts.cfg
File: bblopts.cfg 2005/09/08 v0.1 add Arabic and Farsi to "declared" options of babel
) (C:\Users\WolframFe\AppData\Local\Programs\MiKTeX\tex/latex/babel-german\ngerman.ldf
Language: ngerman 2024/12/10 v2.15 German support for babel (post-1996 orthography)
 (C:\Users\WolframFe\AppData\Local\Programs\MiKTeX\tex/generic/babel/locale/de\babel-ngerman.tex
Package babel Info: Importing font and identification data for ngerman
(babel)             from babel-de.ini. Reported on input line 12.
) (C:\Users\WolframFe\AppData\Local\Programs\MiKTeX\tex/latex/babel-german\ngermanb.ldf
Language: ngermanb 2024/12/10 v2.15 German support for babel (post-1996 orthography)
Package babel Info: Making " an active character on input line 122.
))) (C:\Users\WolframFe\AppData\Local\Programs\MiKTeX\tex/latex/csquotes\csquotes.sty
Package: csquotes 2024-04-04 v5.2o context-sensitive quotations (JAW)
 (C:\Users\WolframFe\AppData\Local\Programs\MiKTeX\tex/latex/etoolbox\etoolbox.sty
Package: etoolbox 2025/02/11 v2.5l e-TeX tools for LaTeX (JAW)
\etb@tempcnta=\count326
)
\csq@reset=\count327
\csq@gtype=\count328
\csq@glevel=\count329
\csq@qlevel=\count330
\csq@maxlvl=\count331
\csq@tshold=\count332
\csq@ltx@everypar=\toks37
 (C:\Users\WolframFe\AppData\Local\Programs\MiKTeX\tex/latex/csquotes\csquotes.def
File: csquotes.def 2024-04-04 v5.2o csquotes generic definitions (JAW)
)
Package csquotes Info: Trying to load configuration file 'csquotes.cfg'...
Package csquotes Info: ... configuration file loaded successfully.
 (C:\Users\WolframFe\AppData\Local\Programs\MiKTeX\tex/latex/csquotes\csquotes.cfg
File: csquotes.cfg 
)
Package csquotes Info: Option 'babel' depreciated.
(csquotes)             Using 'autostyle'.
Package csquotes Info: Enabling multilingual quotes.
Package csquotes Info: Redefining alias 'german' -> 'german/quotes'.
) (C:\Users\WolframFe\AppData\Local\Programs\MiKTeX\tex/latex/tools\enumerate.sty
Package: enumerate 2023/07/04 v3.00 enumerate extensions (DPC)
\@enLab=\toks38
) (C:\Users\WolframFe\AppData\Local\Programs\MiKTeX\tex/latex/setspace\setspace.sty
Package: setspace 2022/12/04 v6.7b set line spacing
) (C:\Users\WolframFe\AppData\Local\Programs\MiKTeX\tex/latex/blindtext\blindtext.sty
Package: blindtext 2012/01/06 V2.0 blindtext-Package
 (C:\Users\WolframFe\AppData\Local\Programs\MiKTeX\tex/latex/tools\xspace.sty
Package: xspace 2014/10/28 v1.13 Space after command names (DPC,MH)
)
\c@blindtext=\count333
\c@Blindtext=\count334
\c@blind@countparstart=\count335
\blind@countxx=\count336
\blindtext@numBlindtext=\count337
\blind@countyy=\count338
\c@blindlist=\count339
\c@blindlistlevel=\count340
\c@blindlist@level=\count341
\blind@listitem=\count342
\c@blind@listcount=\count343
\c@blind@levelcount=\count344
\blind@mathformula=\count345
\blind@Mathformula=\count346
\c@blind@randomcount=\count347
\c@blind@randommax=\count348
\c@blind@pangramcount=\count349
\c@blind@pangrammax=\count350
) (C:\Users\WolframFe\AppData\Local\Programs\MiKTeX\tex/latex/biblatex\biblatex.sty
Package: biblatex 2025/07/10 v3.21 programmable bibliographies (PK/MW)
 (C:\Users\WolframFe\AppData\Local\Programs\MiKTeX\tex/generic/pdftexcmds\pdftexcmds.sty
Package: pdftexcmds 2020-06-27 v0.33 Utility functions of pdfTeX for LuaTeX (HO)
 (C:\Users\WolframFe\AppData\Local\Programs\MiKTeX\tex/generic/infwarerr\infwarerr.sty
Package: infwarerr 2019/12/03 v1.5 Providing info/warning/error messages (HO)
) (C:\Users\WolframFe\AppData\Local\Programs\MiKTeX\tex/generic/ltxcmds\ltxcmds.sty
Package: ltxcmds 2023-12-04 v1.26 LaTeX kernel commands for general use (HO)
)
Package pdftexcmds Info: \pdf@primitive is available.
Package pdftexcmds Info: \pdf@ifprimitive is available.
Package pdftexcmds Info: \pdfdraftmode found.
) (C:\Users\WolframFe\AppData\Local\Programs\MiKTeX\tex/latex/kvoptions\kvoptions.sty
Package: kvoptions 2022-06-15 v3.15 Key value format for package options (HO)
 (C:\Users\WolframFe\AppData\Local\Programs\MiKTeX\tex/latex/kvsetkeys\kvsetkeys.sty
Package: kvsetkeys 2022-10-05 v1.19 Key value parser (HO)
)) (C:\Users\WolframFe\AppData\Local\Programs\MiKTeX\tex/latex/logreq\logreq.sty
Package: logreq 2010/08/04 v1.0 xml request logger
\lrq@indent=\count351
 (C:\Users\WolframFe\AppData\Local\Programs\MiKTeX\tex/latex/logreq\logreq.def
File: logreq.def 2010/08/04 v1.0 logreq spec v1.0
)) (C:\Users\WolframFe\AppData\Local\Programs\MiKTeX\tex/latex/url\url.sty
\Urlmuskip=\muskip17
Package: url 2013/09/16  ver 3.4  Verb mode for urls, etc.
)
\c@tabx@nest=\count352
\c@listtotal=\count353
\c@listcount=\count354
\c@liststart=\count355
\c@liststop=\count356
\c@citecount=\count357
\c@citetotal=\count358
\c@multicitecount=\count359
\c@multicitetotal=\count360
\c@instcount=\count361
\c@maxnames=\count362
\c@minnames=\count363
\c@maxitems=\count364
\c@minitems=\count365
\c@citecounter=\count366
\c@maxcitecounter=\count367
\c@savedcitecounter=\count368
\c@uniquelist=\count369
\c@uniquename=\count370
\c@refsection=\count371
\c@refsegment=\count372
\c@maxextratitle=\count373
\c@maxextratitleyear=\count374
\c@maxextraname=\count375
\c@maxextradate=\count376
\c@maxextraalpha=\count377
\c@abbrvpenalty=\count378
\c@highnamepenalty=\count379
\c@lownamepenalty=\count380
\c@maxparens=\count381
\c@parenlevel=\count382
\blx@tempcnta=\count383
\blx@tempcntb=\count384
\blx@tempcntc=\count385
\c@blx@maxsection=\count386
\blx@maxsegment@0=\count387
\blx@notetype=\count388
\blx@parenlevel@text=\count389
\blx@parenlevel@foot=\count390
\blx@sectionciteorder@0=\count391
\blx@sectionciteorderinternal@0=\count392
\blx@entrysetcounter=\count393
\blx@biblioinstance=\count394
\labelnumberwidth=\skip69
\labelalphawidth=\skip70
\biblabelsep=\skip71
\bibitemsep=\skip72
\bibnamesep=\skip73
\bibinitsep=\skip74
\bibparsep=\skip75
\bibhang=\skip76
\blx@bcfin=\read4
\blx@bcfout=\write4
\blx@langwohyphens=\language80
\c@mincomprange=\count395
\c@maxcomprange=\count396
\c@mincompwidth=\count397
Package biblatex Info: Trying to load biblatex default data model...
Package biblatex Info: ... file 'blx-dm.def' found.
 (C:\Users\WolframFe\AppData\Local\Programs\MiKTeX\tex/latex/biblatex\blx-dm.def
File: blx-dm.def 2025/07/10 v3.21 biblatex datamodel (PK/MW)
)
Package biblatex Info: Trying to load biblatex citestyle data model...
Package biblatex Info: ... file 'authoryear.dbx' not found.
Package biblatex Info: Trying to load biblatex bibstyle data model...
Package biblatex Info: ... file '_dhbw_authoryear.dbx' not found.
Package biblatex Info: Trying to load biblatex custom data model...
Package biblatex Info: ... file 'biblatex-dm.cfg' not found.
\c@afterword=\count398
\c@savedafterword=\count399
\c@annotator=\count400
\c@savedannotator=\count401
\c@author=\count402
\c@savedauthor=\count403
\c@bookauthor=\count404
\c@savedbookauthor=\count405
\c@commentator=\count406
\c@savedcommentator=\count407
\c@editor=\count408
\c@savededitor=\count409
\c@editora=\count410
\c@savededitora=\count411
\c@editorb=\count412
\c@savededitorb=\count413
\c@editorc=\count414
\c@savededitorc=\count415
\c@foreword=\count416
\c@savedforeword=\count417
\c@holder=\count418
\c@savedholder=\count419
\c@introduction=\count420
\c@savedintroduction=\count421
\c@namea=\count422
\c@savednamea=\count423
\c@nameb=\count424
\c@savednameb=\count425
\c@namec=\count426
\c@savednamec=\count427
\c@translator=\count428
\c@savedtranslator=\count429
\c@shortauthor=\count430
\c@savedshortauthor=\count431
\c@shorteditor=\count432
\c@savedshorteditor=\count433
\c@labelname=\count434
\c@savedlabelname=\count435
\c@institution=\count436
\c@savedinstitution=\count437
\c@lista=\count438
\c@savedlista=\count439
\c@listb=\count440
\c@savedlistb=\count441
\c@listc=\count442
\c@savedlistc=\count443
\c@listd=\count444
\c@savedlistd=\count445
\c@liste=\count446
\c@savedliste=\count447
\c@listf=\count448
\c@savedlistf=\count449
\c@location=\count450
\c@savedlocation=\count451
\c@organization=\count452
\c@savedorganization=\count453
\c@origlocation=\count454
\c@savedoriglocation=\count455
\c@origpublisher=\count456
\c@savedorigpublisher=\count457
\c@publisher=\count458
\c@savedpublisher=\count459
\c@language=\count460
\c@savedlanguage=\count461
\c@origlanguage=\count462
\c@savedoriglanguage=\count463
\c@pageref=\count464
\c@savedpageref=\count465
\shorthandwidth=\skip77
\shortjournalwidth=\skip78
\shortserieswidth=\skip79
\shorttitlewidth=\skip80
\shortauthorwidth=\skip81
\shorteditorwidth=\skip82
\locallabelnumberwidth=\skip83
\locallabelalphawidth=\skip84
\localshorthandwidth=\skip85
\localshortjournalwidth=\skip86
\localshortserieswidth=\skip87
\localshorttitlewidth=\skip88
\localshortauthorwidth=\skip89
\localshorteditorwidth=\skip90
Package biblatex Info: Trying to load compatibility code...
Package biblatex Info: ... file 'blx-compat.def' found.
 (C:\Users\WolframFe\AppData\Local\Programs\MiKTeX\tex/latex/biblatex\blx-compat.def
File: blx-compat.def 2025/07/10 v3.21 biblatex compatibility (PK/MW)
)
Package biblatex Info: Trying to load generic definitions...
Package biblatex Info: ... file 'biblatex.def' found.
 (C:\Users\WolframFe\AppData\Local\Programs\MiKTeX\tex/latex/biblatex\biblatex.def
File: biblatex.def 2025/07/10 v3.21 biblatex compatibility (PK/MW)
\c@textcitecount=\count466
\c@textcitetotal=\count467
\c@textcitemaxnames=\count468
\c@biburlbigbreakpenalty=\count469
\c@biburlbreakpenalty=\count470
\c@biburlnumpenalty=\count471
\c@biburlucpenalty=\count472
\c@biburllcpenalty=\count473
\biburlbigskip=\muskip18
\biburlnumskip=\muskip19
\biburlucskip=\muskip20
\biburllcskip=\muskip21
\c@smartand=\count474
)
Package biblatex Info: Trying to load bibliography style '_dhbw_authoryear'...
Package biblatex Info: ... file '_dhbw_authoryear.bbx' found.
 (_dhbw_authoryear.bbx
File: _dhbw_authoryear.bbx 2025/07/10 v3.21 biblatex bibliography style (PK/MW)
Package biblatex Info: Trying to load bibliography style 'standard'...
Package biblatex Info: ... file 'standard.bbx' found.
 (C:\Users\WolframFe\AppData\Local\Programs\MiKTeX\tex/latex/biblatex/bbx\standard.bbx
File: standard.bbx 2025/07/10 v3.21 biblatex bibliography style (PK/MW)
\c@bbx:relatedcount=\count475
\c@bbx:relatedtotal=\count476
))
Package biblatex Info: Trying to load citation style 'authoryear'...
Package biblatex Info: ... file 'authoryear.cbx' found.
 (C:\Users\WolframFe\AppData\Local\Programs\MiKTeX\tex/latex/biblatex/cbx\authoryear.cbx
File: authoryear.cbx 2025/07/10 v3.21 biblatex citation style (PK/MW)
Package biblatex Info: Redefining '\cite'.
Package biblatex Info: Redefining '\parencite'.
Package biblatex Info: Redefining '\footcite'.
Package biblatex Info: Redefining '\footcitetext'.
Package biblatex Info: Redefining '\smartcite'.
Package biblatex Info: Redefining '\textcite'.
Package biblatex Info: Redefining '\textcites'.
)
Package biblatex Info: Trying to load configuration file...
Package biblatex Info: ... file 'biblatex.cfg' found.
 (C:\Users\WolframFe\AppData\Local\Programs\MiKTeX\tex/latex/biblatex\biblatex.cfg
File: biblatex.cfg 
)
Package biblatex Info: Input encoding 'utf8' detected.
Package biblatex Info: Document encoding is UTF8 ....
 (C:\Users\WolframFe\AppData\Local\Programs\MiKTeX\tex/latex/l3kernel\expl3.sty
Package: expl3 2025-07-20 L3 programming layer (loader) 
 (C:\Users\WolframFe\AppData\Local\Programs\MiKTeX\tex/latex/l3backend\l3backend-pdftex.def
File: l3backend-pdftex.def 2025-06-09 L3 backend support: PDF output (pdfTeX)
\l__color_backend_stack_int=\count477
))
Package biblatex Info: ... and expl3
(biblatex)             2025-07-20 L3 programming layer (loader) 
(biblatex)             is new enough (at least 2020/04/06),
(biblatex)             setting 'casechanger=expl3'.
 (C:\Users\WolframFe\AppData\Local\Programs\MiKTeX\tex/latex/biblatex\blx-case-expl3.sty (C:\Users\WolframFe\AppData\Local\Programs\MiKTeX\tex/latex/l3packages/xparse\xparse.sty
Package: xparse 2024-08-16 L3 Experimental document command parser
)
Package: blx-case-expl3 2025/07/10 v3.21 expl3 case changing code for biblatex
)) (template/_dhbw_biblatex-config.tex
Package biblatex Info: Delimiter 'finalnamedelim' in context '' already defined, overwriting on input line 100.
)

Class scrreprt Warning: Usage of package `tocloft' together
(scrreprt)              with a KOMA-Script class is not recommended.
(scrreprt)              I'd suggest to use options like `listof=entryprefix',
(scrreprt)              commands like `\listoflofentryname' or
(scrreprt)              `\listoflotentryname', and `\DeclareTOCStyleEntry' or
(scrreprt)              `\RedeclareSectionCommand' instead of this package,
(scrreprt)              because it breaks several KOMA-Script features of
(scrreprt)              the list of figures, list of tables and table of
(scrreprt)              contents, i.e., options like `listof=numbered',
(scrreprt)              `listof=flat or `toc=flat', commands like
(scrreprt)              `\BeforeTOCHead{...}' and `\AfterTOCHead{...}',
(scrreprt)              `\BeforeStartingTOC{...}' and \AfterStartingTOC{...}',
(scrreprt)              all features of `\DeclareTOCStyleEntry',
(scrreprt)              and the ToC entry features of `\DeclareSecionCommand'
(scrreprt)              and `\RedeclareSectionCommand' of levels
(scrreprt)              `part', `section', `subsection',
(scrreprt)              `subsubsection', `paragraph' and `subparagraph'.
(scrreprt)              Nevertheless, using requested
(scrreprt)              package `tocloft' on input line 69.

(C:\Users\WolframFe\AppData\Local\Programs\MiKTeX\tex/latex/tocloft\tocloft.sty
Package: tocloft 2017/08/31 v2.3i parameterised ToC, etc., typesetting
Package tocloft Info: The document has chapter divisions on input line 51.
\cftparskip=\skip91
\cftbeforetoctitleskip=\skip92
\cftaftertoctitleskip=\skip93
\cftbeforepartskip=\skip94
\cftpartnumwidth=\skip95
\cftpartindent=\skip96
\cftbeforechapskip=\skip97
\cftchapindent=\skip98
\cftchapnumwidth=\skip99
\cftbeforesecskip=\skip100
\cftsecindent=\skip101
\cftsecnumwidth=\skip102
\cftbeforesubsecskip=\skip103
\cftsubsecindent=\skip104
\cftsubsecnumwidth=\skip105
\cftbeforesubsubsecskip=\skip106
\cftsubsubsecindent=\skip107
\cftsubsubsecnumwidth=\skip108
\cftbeforeparaskip=\skip109
\cftparaindent=\skip110
\cftparanumwidth=\skip111
\cftbeforesubparaskip=\skip112
\cftsubparaindent=\skip113
\cftsubparanumwidth=\skip114
\cftbeforeloftitleskip=\skip115
\cftafterloftitleskip=\skip116
\cftbeforefigskip=\skip117
\cftfigindent=\skip118
\cftfignumwidth=\skip119
\c@lofdepth=\count478
\c@lotdepth=\count479
\cftbeforelottitleskip=\skip120
\cftafterlottitleskip=\skip121
\cftbeforetabskip=\skip122
\cfttabindent=\skip123
\cfttabnumwidth=\skip124
) (C:\Users\WolframFe\AppData\Local\Programs\MiKTeX\tex/latex/multirow\multirow.sty
Package: multirow 2024/11/12 v2.9 Span multiple rows of a table
\multirow@colwidth=\skip125
\multirow@cntb=\count480
\multirow@dima=\skip126
\bigstrutjot=\dimen288
) (C:\Users\WolframFe\AppData\Local\Programs\MiKTeX\tex/latex/amsmath\amsmath.sty
Package: amsmath 2025/06/16 v2.17y AMS math features
\@mathmargin=\skip127

For additional information on amsmath, use the `?' option.
(C:\Users\WolframFe\AppData\Local\Programs\MiKTeX\tex/latex/amsmath\amstext.sty
Package: amstext 2024/11/17 v2.01 AMS text
 (C:\Users\WolframFe\AppData\Local\Programs\MiKTeX\tex/latex/amsmath\amsgen.sty
File: amsgen.sty 1999/11/30 v2.0 generic functions
\@emptytoks=\toks39
\ex@=\dimen289
)) (C:\Users\WolframFe\AppData\Local\Programs\MiKTeX\tex/latex/amsmath\amsbsy.sty
Package: amsbsy 1999/11/29 v1.2d Bold Symbols
\pmbraise@=\dimen290
) (C:\Users\WolframFe\AppData\Local\Programs\MiKTeX\tex/latex/amsmath\amsopn.sty
Package: amsopn 2022/04/08 v2.04 operator names
)
\inf@bad=\count481
LaTeX Info: Redefining \frac on input line 233.
\uproot@=\count482
\leftroot@=\count483
LaTeX Info: Redefining \overline on input line 398.
LaTeX Info: Redefining \colon on input line 409.
\classnum@=\count484
\DOTSCASE@=\count485
LaTeX Info: Redefining \ldots on input line 495.
LaTeX Info: Redefining \dots on input line 498.
LaTeX Info: Redefining \cdots on input line 619.
\Mathstrutbox@=\box71
\strutbox@=\box72
LaTeX Info: Redefining \big on input line 721.
LaTeX Info: Redefining \Big on input line 722.
LaTeX Info: Redefining \bigg on input line 723.
LaTeX Info: Redefining \Bigg on input line 724.
\big@size=\dimen291
LaTeX Font Info:    Redeclaring font encoding OML on input line 742.
LaTeX Font Info:    Redeclaring font encoding OMS on input line 743.
\macc@depth=\count486
LaTeX Info: Redefining \bmod on input line 904.
LaTeX Info: Redefining \pmod on input line 909.
LaTeX Info: Redefining \smash on input line 939.
LaTeX Info: Redefining \relbar on input line 969.
LaTeX Info: Redefining \Relbar on input line 970.
\c@MaxMatrixCols=\count487
\dotsspace@=\muskip22
\c@parentequation=\count488
\dspbrk@lvl=\count489
\tag@help=\toks40
\row@=\count490
\column@=\count491
\maxfields@=\count492
\andhelp@=\toks41
\eqnshift@=\dimen292
\alignsep@=\dimen293
\tagshift@=\dimen294
\tagwidth@=\dimen295
\totwidth@=\dimen296
\lineht@=\dimen297
\@envbody=\toks42
\multlinegap=\skip128
\multlinetaggap=\skip129
\mathdisplay@stack=\toks43
LaTeX Info: Redefining \[ on input line 2949.
LaTeX Info: Redefining \] on input line 2950.
) (C:\Users\WolframFe\AppData\Local\Programs\MiKTeX\tex/latex/amsfonts\amssymb.sty
Package: amssymb 2013/01/14 v3.01 AMS font symbols
 (C:\Users\WolframFe\AppData\Local\Programs\MiKTeX\tex/latex/amsfonts\amsfonts.sty
Package: amsfonts 2013/01/14 v3.01 Basic AMSFonts support
\symAMSa=\mathgroup4
\symAMSb=\mathgroup5
LaTeX Font Info:    Redeclaring math symbol \hbar on input line 98.
LaTeX Font Info:    Overwriting math alphabet `\mathfrak' in version `bold'
(Font)                  U/euf/m/n --> U/euf/b/n on input line 106.
)) (C:\Users\WolframFe\AppData\Local\Programs\MiKTeX\tex/latex/booktabs\booktabs.sty
Package: booktabs 2020/01/12 v1.61803398 Publication quality tables
\heavyrulewidth=\dimen298
\lightrulewidth=\dimen299
\cmidrulewidth=\dimen300
\belowrulesep=\dimen301
\belowbottomsep=\dimen302
\aboverulesep=\dimen303
\abovetopsep=\dimen304
\cmidrulesep=\dimen305
\cmidrulekern=\dimen306
\defaultaddspace=\dimen307
\@cmidla=\count493
\@cmidlb=\count494
\@aboverulesep=\dimen308
\@belowrulesep=\dimen309
\@thisruleclass=\count495
\@lastruleclass=\count496
\@thisrulewidth=\dimen310
) (C:\Users\WolframFe\AppData\Local\Programs\MiKTeX\tex/latex/hyperref\hyperref.sty
Package: hyperref 2025-07-12 v7.01o Hypertext links for LaTeX
 (C:\Users\WolframFe\AppData\Local\Programs\MiKTeX\tex/generic/kvdefinekeys\kvdefinekeys.sty
Package: kvdefinekeys 2019-12-19 v1.6 Define keys (HO)
) (C:\Users\WolframFe\AppData\Local\Programs\MiKTeX\tex/generic/pdfescape\pdfescape.sty
Package: pdfescape 2019/12/09 v1.15 Implements pdfTeX's escape features (HO)
) (C:\Users\WolframFe\AppData\Local\Programs\MiKTeX\tex/latex/hycolor\hycolor.sty
Package: hycolor 2020-01-27 v1.10 Color options for hyperref/bookmark (HO)
) (C:\Users\WolframFe\AppData\Local\Programs\MiKTeX\tex/latex/hyperref\nameref.sty
Package: nameref 2025-06-21 v2.57 Cross-referencing by name of section
 (C:\Users\WolframFe\AppData\Local\Programs\MiKTeX\tex/latex/refcount\refcount.sty
Package: refcount 2019/12/15 v3.6 Data extraction from label references (HO)
) (C:\Users\WolframFe\AppData\Local\Programs\MiKTeX\tex/generic/gettitlestring\gettitlestring.sty
Package: gettitlestring 2019/12/15 v1.6 Cleanup title references (HO)
)
\c@section@level=\count497
) (C:\Users\WolframFe\AppData\Local\Programs\MiKTeX\tex/generic/stringenc\stringenc.sty
Package: stringenc 2019/11/29 v1.12 Convert strings between diff. encodings (HO)
)
\@linkdim=\dimen311
\Hy@linkcounter=\count498
\Hy@pagecounter=\count499
 (C:\Users\WolframFe\AppData\Local\Programs\MiKTeX\tex/latex/hyperref\pd1enc.def
File: pd1enc.def 2025-07-12 v7.01o Hyperref: PDFDocEncoding definition (HO)
Now handling font encoding PD1 ...
... no UTF-8 mapping file for font encoding PD1
) (C:\Users\WolframFe\AppData\Local\Programs\MiKTeX\tex/generic/intcalc\intcalc.sty
Package: intcalc 2019/12/15 v1.3 Expandable calculations with integers (HO)
)
\Hy@SavedSpaceFactor=\count500
 (C:\Users\WolframFe\AppData\Local\Programs\MiKTeX\tex/latex/hyperref\puenc.def
File: puenc.def 2025-07-12 v7.01o Hyperref: PDF Unicode definition (HO)
Now handling font encoding PU ...
... no UTF-8 mapping file for font encoding PU
)
Package hyperref Info: Option `hypertexnames' set `false' on input line 4066.
Package hyperref Info: Hyper figures OFF on input line 4195.
Package hyperref Info: Link nesting OFF on input line 4200.
Package hyperref Info: Hyper index ON on input line 4203.
Package hyperref Info: Plain pages OFF on input line 4210.
Package hyperref Info: Backreferencing OFF on input line 4215.
Package hyperref Info: Implicit mode ON; LaTeX internals redefined.
Package hyperref Info: Bookmarks ON on input line 4462.
\c@Hy@tempcnt=\count501
LaTeX Info: Redefining \url on input line 4801.
\XeTeXLinkMargin=\dimen312
 (C:\Users\WolframFe\AppData\Local\Programs\MiKTeX\tex/generic/bitset\bitset.sty
Package: bitset 2019/12/09 v1.3 Handle bit-vector datatype (HO)
 (C:\Users\WolframFe\AppData\Local\Programs\MiKTeX\tex/generic/bigintcalc\bigintcalc.sty
Package: bigintcalc 2019/12/15 v1.5 Expandable calculations on big integers (HO)
))
\Fld@menulength=\count502
\Field@Width=\dimen313
\Fld@charsize=\dimen314
Package hyperref Info: Hyper figures OFF on input line 6078.
Package hyperref Info: Link nesting OFF on input line 6083.
Package hyperref Info: Hyper index ON on input line 6086.
Package hyperref Info: backreferencing OFF on input line 6093.
Package hyperref Info: Link coloring OFF on input line 6098.
Package hyperref Info: Link coloring with OCG OFF on input line 6103.
Package hyperref Info: PDF/A mode OFF on input line 6108.
\Hy@abspage=\count503
\c@Item=\count504
\c@Hfootnote=\count505
)
Package hyperref Info: Driver (autodetected): hpdftex.
 (C:\Users\WolframFe\AppData\Local\Programs\MiKTeX\tex/latex/hyperref\hpdftex.def
File: hpdftex.def 2025-07-12 v7.01o Hyperref driver for pdfTeX
\Fld@listcount=\count506
\c@bookmark@seq@number=\count507
 (C:\Users\WolframFe\AppData\Local\Programs\MiKTeX\tex/latex/rerunfilecheck\rerunfilecheck.sty
Package: rerunfilecheck 2025-06-21 v1.11 Rerun checks for auxiliary files (HO)
 (C:\Users\WolframFe\AppData\Local\Programs\MiKTeX\tex/generic/uniquecounter\uniquecounter.sty
Package: uniquecounter 2019/12/15 v1.4 Provide unlimited unique counter (HO)
)
Package uniquecounter Info: New unique counter `rerunfilecheck' on input line 284.
)
\Hy@SectionHShift=\skip130
) (C:\Users\WolframFe\AppData\Local\Programs\MiKTeX\tex/latex/acronym\acronym.sty
Package: acronym 2025/01/17 v1.50 Support for acronyms (Tobias Oetiker)
 (C:\Users\WolframFe\AppData\Local\Programs\MiKTeX\tex/latex/bigfoot\suffix.sty
Package: suffix 2006/07/15 1.5a Variant command support
) (C:\Users\WolframFe\AppData\Local\Programs\MiKTeX\tex/latex/xstring\xstring.sty (C:\Users\WolframFe\AppData\Local\Programs\MiKTeX\tex/generic/xstring\xstring.tex
\xs_counta=\count508
\xs_countb=\count509
)
Package: xstring 2023/08/22 v1.86 String manipulations (CT)
)
\AC@clearlist=\toks44
)
\c@anhcnt=\count510
\c@anhang=\count511
\cftbeforeanhangskip=\skip131
\cftanhangindent=\skip132
\cftanhangnumwidth=\skip133
\c@appdepth=\count512
\cftbeforeapptitleskip=\skip134
\cftafterapptitleskip=\skip135
\c@anhteilcnt=\count513
 (C:\Users\WolframFe\AppData\Local\Programs\MiKTeX\tex/latex/chngcntr\chngcntr.sty
Package: chngcntr 2018/04/09 v1.1a change counter resetting
Package chngcntr Info: \counterwithout already defined.
(chngcntr)             Quitting chngcntr on input line 21.
) (C:\Users\WolframFe\AppData\Local\Programs\MiKTeX\tex/latex/koma-script\scrlayer-scrpage.sty
Package: scrlayer-scrpage 2025/06/04 v3.45 KOMA-Script package (end user interface for scrlayer)
 (C:\Users\WolframFe\AppData\Local\Programs\MiKTeX\tex/latex/koma-script\scrlayer.sty
Package: scrlayer 2025/06/04 v3.45 KOMA-Script package (defining layers and page styles)
Package scrlayer Info: patching LaTeX kernel macro \pagestyle on input line 2179.
)
Package scrlayer-scrpage Info: Makeing stand-alone element `pagehead' from
(scrlayer-scrpage)             alias to `pageheadfoot' on input line 1106.
) (template/_dhbw_kopfzeilen.tex) (C:\Users\WolframFe\AppData\Local\Programs\MiKTeX\tex/latex/base\textcomp.sty
Package: textcomp 2024/04/24 v2.1b Standard LaTeX package
) (C:\Users\WolframFe\AppData\Local\Programs\MiKTeX\tex/latex/eurosym\eurosym.sty
Package: eurosym 1998/08/06 v1.1 European currency symbol ``Euro''
\@eurobox=\box73
) (C:\Users\WolframFe\AppData\Local\Programs\MiKTeX\tex/latex/scrhack\scrhack.sty
Package: scrhack 2024-09-04 v3.42 scrhack emulation package
 (C:\Users\WolframFe\AppData\Local\Programs\MiKTeX\tex/latex/setspaceenhanced\setspaceenhanced.sty
Package: setspaceenhanced 2024-11-12 v1.04 improved setspace package
)))
Package csquotes Info: Checking for multilingual support...
Package csquotes Info: ... found 'babel' package.
Class scrreprt Info: loading recommended package `bookmark'.
(scrreprt)           Using `bookmark' together with `hyperref' is recommended,
(scrreprt)           because of handling of possible bookmark level gaps.
(scrreprt)           You can avoid loading `bookmark' with KOMA-Script option
(scrreprt)           `bookmarkpackage=false' before \begin{document} and
(scrreprt)           you can avoid this message adding:
(scrreprt)             \usepackage{bookmark}
(scrreprt)           before \begin{document} on input line 17.
 (C:\Users\WolframFe\AppData\Local\Programs\MiKTeX\tex/latex/bookmark\bookmark.sty
Package: bookmark 2023-12-10 v1.31 PDF bookmarks (HO)
 (C:\Users\WolframFe\AppData\Local\Programs\MiKTeX\tex/latex/bookmark\bkm-pdftex.def
File: bkm-pdftex.def 2023-12-10 v1.31 bookmark driver for pdfTeX and luaTeX (HO)
\BKM@id=\count514
)) (latex-vorlage.aux
Package babel Info: 'ngerman' activates 'ngerman' shorthands.
(babel)             Reported on input line 12.
)
\openout1 = `latex-vorlage.aux'.

LaTeX Font Info:    Checking defaults for OML/cmm/m/it on input line 17.
LaTeX Font Info:    ... okay on input line 17.
LaTeX Font Info:    Checking defaults for OMS/cmsy/m/n on input line 17.
LaTeX Font Info:    ... okay on input line 17.
LaTeX Font Info:    Checking defaults for OT1/cmr/m/n on input line 17.
LaTeX Font Info:    ... okay on input line 17.
LaTeX Font Info:    Checking defaults for T1/cmr/m/n on input line 17.
LaTeX Font Info:    ... okay on input line 17.
LaTeX Font Info:    Checking defaults for TS1/cmr/m/n on input line 17.
LaTeX Font Info:    ... okay on input line 17.
LaTeX Font Info:    Checking defaults for OMX/cmex/m/n on input line 17.
LaTeX Font Info:    ... okay on input line 17.
LaTeX Font Info:    Checking defaults for U/cmr/m/n on input line 17.
LaTeX Font Info:    ... okay on input line 17.
LaTeX Font Info:    Checking defaults for PD1/pdf/m/n on input line 17.
LaTeX Font Info:    ... okay on input line 17.
LaTeX Font Info:    Checking defaults for PU/pdf/m/n on input line 17.
LaTeX Font Info:    ... okay on input line 17.
 (C:\Users\WolframFe\AppData\Local\Programs\MiKTeX\tex/context/base/mkii\supp-pdf.mkii
[Loading MPS to PDF converter (version 2006.09.02).]
\scratchcounter=\count515
\scratchdimen=\dimen315
\scratchbox=\box74
\nofMPsegments=\count516
\nofMParguments=\count517
\everyMPshowfont=\toks45
\MPscratchCnt=\count518
\MPscratchDim=\dimen316
\MPnumerator=\count519
\makeMPintoPDFobject=\count520
\everyMPtoPDFconversion=\toks46
) (C:\Users\WolframFe\AppData\Local\Programs\MiKTeX\tex/latex/epstopdf-pkg\epstopdf-base.sty
Package: epstopdf-base 2020-01-24 v2.11 Base part for package epstopdf
Package epstopdf-base Info: Redefining graphics rule for `.eps' on input line 485.
 (C:\Users\WolframFe\AppData\Local\Programs\MiKTeX\tex/latex/00miktex\epstopdf-sys.cfg
File: epstopdf-sys.cfg 2021/03/18 v2.0 Configuration of epstopdf for MiKTeX
))
Package caption Info: Begin \AtBeginDocument code.
Package caption Info: hyperref package is loaded.
Package caption Info: listings package is loaded.
Package caption Info: End \AtBeginDocument code.
\c@lstlisting=\count521
Package tocbasic Info: setting babel extension for `lol' on input line 17.
\scr@dte@lstlisting@maxnumwidth=\skip136

*geometry* driver: auto-detecting
*geometry* detected driver: pdftex
*geometry* verbose mode - [ preamble ] result:
* driver: pdftex
* paper: a4paper
* layout: <same size as paper>
* layoutoffset:(h,v)=(0.0pt,0.0pt)
* modes: includefoot 
* h-part:(L,W,R)=(99.58464pt, 455.24411pt, 42.67912pt)
* v-part:(T,H,B)=(71.13188pt, 717.00946pt, 56.9055pt)
* \paperwidth=597.50787pt
* \paperheight=845.04684pt
* \textwidth=455.24411pt
* \textheight=682.86617pt
* \oddsidemargin=27.31465pt
* \evensidemargin=27.31465pt
* \topmargin=-38.53812pt
* \headheight=17.0pt
* \headsep=20.40001pt
* \topskip=11.0pt
* \footskip=34.1433pt
* \marginparwidth=59.7508pt
* \marginparsep=12.8401pt
* \columnsep=10.0pt
* \skip\footins=10.0pt plus 4.0pt minus 2.0pt
* \hoffset=0.0pt
* \voffset=0.0pt
* \mag=1000
* \@twocolumnfalse
* \@twosidefalse
* \@mparswitchfalse
* \@reversemarginfalse
* (1in=72.27pt=25.4mm, 1cm=28.453pt)

Package biblatex Info: Trying to load language 'ngerman'...
Package biblatex Info: ... file 'ngerman.lbx' found.
(C:\Users\WolframFe\AppData\Local\Programs\MiKTeX\tex/latex/biblatex/lbx\ngerman.lbx
File: ngerman.lbx 2025/07/10 v3.21 biblatex localization (PK/MW)
Package biblatex Info: Trying to load language 'german'...
Package biblatex Info: ... file 'german.lbx' found.
 (C:\Users\WolframFe\AppData\Local\Programs\MiKTeX\tex/latex/biblatex/lbx\german.lbx
File: german.lbx 2025/07/10 v3.21 biblatex localization (PK/MW)
)
Package biblatex Info: Trying to load language 'german'...
Package biblatex Info: ... file 'german.lbx' found.
 (C:\Users\WolframFe\AppData\Local\Programs\MiKTeX\tex/latex/biblatex/lbx\german.lbx
File: german.lbx 2025/07/10 v3.21 biblatex localization (PK/MW)
))
Package biblatex Info: Input encoding 'utf8' detected.
Package biblatex Info: Data encoding 'utf8' specified.
(biblatex)             No need to reencode data.
\openout4 = `latex-vorlage.bcf'.

Package biblatex Info: Trying to load bibliographic data...
Package biblatex Info: ... file 'latex-vorlage.bbl' found.
 (latex-vorlage.bbl)
Package biblatex Info: Reference section=0 on input line 17.
Package biblatex Info: Reference segment=0 on input line 17.
Package hyperref Info: Link coloring OFF on input line 17.
Package scrbase Info: activating ngerman \refname on input line 17.
Package scrbase Info: activating ngerman \figurename on input line 17.
Package scrbase Info: activating ngerman \tablename on input line 17.
 (template/_dhbw_deckblatt.tex
LaTeX Font Info:    Trying to load font information for U+msa on input line 61.
 (C:\Users\WolframFe\AppData\Local\Programs\MiKTeX\tex/latex/amsfonts\umsa.fd
File: umsa.fd 2013/01/14 v3.01 AMS symbols A
)
LaTeX Font Info:    Trying to load font information for U+msb on input line 61.
 (C:\Users\WolframFe\AppData\Local\Programs\MiKTeX\tex/latex/amsfonts\umsb.fd
File: umsb.fd 2013/01/14 v3.01 AMS symbols B
))

[1

{C:/Users/WolframFe/AppData/Local/MiKTeX/fonts/map/pdftex/pdftex.map}] (includes/sperrvermerk.tex)

[2


] (latex-vorlage.toc
Package acronym Info: Label `acro:KI' newly defined as it shall be overridden
although it is yet undefined on input line 15.
Package acronym Info: Label `acro:CNN' newly defined as it shall be overridden
although it is yet undefined on input line 22.


[3


])
\tf@toc=\write5
\openout5 = `latex-vorlage.toc'.



Package babel Info: 'ngerman' activates 'ngerman' shorthands.
(babel)             Reported on input line 36.
[4] (includes/abkuerzungen.tex)

[5


] (latex-vorlage.lof
Package acronym Info: Label `acro:YOLO' newly defined as it shall be overridden
although it is yet undefined on input line 7.
Package acronym Info: Label `acro:RT-DETR' newly defined as it shall be overridden
although it is yet undefined on input line 9.
)
\tf@lof=\write6
\openout6 = `latex-vorlage.lof'.



[6

] (latex-vorlage.lot
Package acronym Info: Label `acro:KI' overridden on input line 2.
)
\tf@lot=\write7
\openout7 = `latex-vorlage.lot'.



[7

] (includes/einleitung.tex
chapter 1.


[1



]
Package acronym Info: Label `acro:DSR' newly defined as it shall be overridden
although it is yet undefined on input line 26.
) (includes/theorieteil.tex

[2]
chapter 2.


[3

]

[4]
Package acronym Info: Label `acro:DL' newly defined as it shall be overridden
although it is yet undefined on input line 38.
Package acronym Info: Label `acro:CV' newly defined as it shall be overridden
although it is yet undefined on input line 38.


[5]
Package acronym Info: Label `acro:FP' newly defined as it shall be overridden
although it is yet undefined on input line 48.
Package acronym Info: Label `acro:GAN' newly defined as it shall be overridden
although it is yet undefined on input line 55.


[6]

[7]
<graphics/CNN-architecture.jpg, id=512, 385.48817pt x 153.9351pt>
File: graphics/CNN-architecture.jpg Graphic file (type jpg)
<use graphics/CNN-architecture.jpg>
Package pdftex.def Info: graphics/CNN-architecture.jpg  used on input line 79.
(pdftex.def)             Requested size: 409.71692pt x 163.61668pt.


[8 <./graphics/CNN-architecture.jpg>]
Package acronym Info: Label `acro:ViT' newly defined as it shall be overridden
although it is yet undefined on input line 94.
<graphics/ViT-architecture.jpg, id=546, 824.32968pt x 420.82219pt>
File: graphics/ViT-architecture.jpg Graphic file (type jpg)
<use graphics/ViT-architecture.jpg>
Package pdftex.def Info: graphics/ViT-architecture.jpg  used on input line 99.
(pdftex.def)             Requested size: 409.71692pt x 209.16486pt.


[9 <./graphics/ViT-architecture.jpg>]
Package acronym Info: Label `acro:FDD' newly defined as it shall be overridden
although it is yet undefined on input line 120.


[10]

[11]

[12]

[13]
Package acronym Info: Label `acro:TP' newly defined as it shall be overridden
although it is yet undefined on input line 195.
Package acronym Info: Label `acro:FN' newly defined as it shall be overridden
although it is yet undefined on input line 199.
Package acronym Info: Label `acro:AP' newly defined as it shall be overridden
although it is yet undefined on input line 204.
Package acronym Info: Label `acro:mAP' newly defined as it shall be overridden
although it is yet undefined on input line 204.
Package acronym Info: Label `acro:IoU' newly defined as it shall be overridden
although it is yet undefined on input line 204.


[14]) (includes/praxisteil.tex

[15]
chapter 3.


[16

]

[17]

[18]
Package acronym Info: Label `acro:USD' newly defined as it shall be overridden
although it is yet undefined on input line 43.
Package acronym Info: Label `acro:NMS' newly defined as it shall be overridden
although it is yet undefined on input line 49.


[19]

[20]
chapter 4.
<graphics/Umsetzung_Diagramm.png, id=919, 969.6225pt x 632.3625pt>
File: graphics/Umsetzung_Diagramm.png Graphic file (type png)
<use graphics/Umsetzung_Diagramm.png>
Package pdftex.def Info: graphics/Umsetzung_Diagramm.png  used on input line 69.
(pdftex.def)             Requested size: 409.71692pt x 267.21149pt.

Overfull \hbox (8.23177pt too wide) in paragraph at lines 74--76
[]\T1/cmr/m/n/10.95 Abbildung []3[] bie-tet ei-ne gra-fi-sche ber-sicht ber die in die-ser Ar-beit ent-wi-ckel-te Datengenerierungs-
 []



[21

 <./graphics/Umsetzung_Diagramm.png>]
Package acronym Info: Label `acro:CAD' newly defined as it shall be overridden
although it is yet undefined on input line 87.


[22]
<graphics/example_synthetic_images/Beispiel_Replicator_1.png, id=964, 1284.8pt x 722.7pt>
File: graphics/example_synthetic_images/Beispiel_Replicator_1.png Graphic file (type png)
<use graphics/example_synthetic_images/Beispiel_Replicator_1.png>
Package pdftex.def Info: graphics/example_synthetic_images/Beispiel_Replicator_1.png  used on input line 109.
(pdftex.def)             Requested size: 223.07211pt x 125.47089pt.
<graphics/example_synthetic_images/Beispiel_Replicator_2.png, id=965, 1284.8pt x 722.7pt>
File: graphics/example_synthetic_images/Beispiel_Replicator_2.png Graphic file (type png)
<use graphics/example_synthetic_images/Beispiel_Replicator_2.png>
Package pdftex.def Info: graphics/example_synthetic_images/Beispiel_Replicator_2.png  used on input line 113.
(pdftex.def)             Requested size: 223.07211pt x 125.47089pt.


[23]
<graphics/example_synthetic_images/Beispiel_Annotation.jpg, id=977, 1284.8pt x 722.7pt>
File: graphics/example_synthetic_images/Beispiel_Annotation.jpg Graphic file (type jpg)
<use graphics/example_synthetic_images/Beispiel_Annotation.jpg>
Package pdftex.def Info: graphics/example_synthetic_images/Beispiel_Annotation.jpg  used on input line 125.
(pdftex.def)             Requested size: 409.71692pt x 230.46371pt.


[24 <./graphics/example_synthetic_images/Beispiel_Replicator_1.png> <./graphics/example_synthetic_images/Beispiel_Replicator_2.png> <./graphics/example_synthetic_images/Beispiel_Annotation.jpg>]

[25]

[26]
chapter 5.
<graphics/yolo_eval/model_m/results.png, id=1075, 867.24pt x 433.62pt>
File: graphics/yolo_eval/model_m/results.png Graphic file (type png)
<use graphics/yolo_eval/model_m/results.png>
Package pdftex.def Info: graphics/yolo_eval/model_m/results.png  used on input line 180.
(pdftex.def)             Requested size: 409.71692pt x 204.86006pt.


[27

]
<graphics/yolo_eval/model_n/BoxPR_curve.png, id=1095, 650.43pt x 433.62pt>
File: graphics/yolo_eval/model_n/BoxPR_curve.png Graphic file (type png)
<use graphics/yolo_eval/model_n/BoxPR_curve.png>
Package pdftex.def Info: graphics/yolo_eval/model_n/BoxPR_curve.png  used on input line 193.
(pdftex.def)             Requested size: 223.07211pt x 148.71245pt.
<graphics/yolo_eval/model_m/BoxPR_curve.png, id=1098, 650.43pt x 433.62pt>
File: graphics/yolo_eval/model_m/BoxPR_curve.png Graphic file (type png)
<use graphics/yolo_eval/model_m/BoxPR_curve.png>
Package pdftex.def Info: graphics/yolo_eval/model_m/BoxPR_curve.png  used on input line 198.
(pdftex.def)             Requested size: 223.07211pt x 148.71245pt.


[28 <./graphics/yolo_eval/model_m/results.png> <./graphics/yolo_eval/model_n/BoxPR_curve.png> <./graphics/yolo_eval/model_m/BoxPR_curve.png>]

[29]
<graphics/example_synthetic_images/Beispiel_Detektion_rtdetr.jpg, id=1139, 1247.66125pt x 673.51625pt>
File: graphics/example_synthetic_images/Beispiel_Detektion_rtdetr.jpg Graphic file (type jpg)
<use graphics/example_synthetic_images/Beispiel_Detektion_rtdetr.jpg>
Package pdftex.def Info: graphics/example_synthetic_images/Beispiel_Detektion_rtdetr.jpg  used on input line 252.
(pdftex.def)             Requested size: 409.71692pt x 221.17168pt.
) (includes/schlussteil.tex

[30 <./graphics/example_synthetic_images/Beispiel_Detektion_rtdetr.jpg>]
chapter 6.


[31

]

[32]
Package acronym Info: Label `acro:HVT' newly defined as it shall be overridden
although it is yet undefined on input line 39.


[33]) (includes/anhang.tex

[34] (latex-vorlage.app)
\tf@app=\write8
\openout8 = `latex-vorlage.app'.



[35

] (C:\Users\WolframFe\AppData\Local\Programs\MiKTeX\tex/latex/listings\lstlang1.sty
File: lstlang1.sty 2024/09/23 1.10c listings language file
) (includes/code/replicator_script.py
LaTeX Font Info:    Font shape `T1/cmtt/bx/n' in size <10> not available
(Font)              Font shape `T1/cmtt/m/n' tried instead on input line 1.


[36

]

[37]

[38])

[39] (includes/code/create_ds.py

[40]

[41]

[42]) (includes/code/train_yolo.py

[43]) (includes/code/train_rtdetr.py

[44]

[45]

[46]

[47]

[48]) (includes/code/evaluate_yolo.py

[49]) (includes/code/evaluate_rtdetr.py

[50]

[51]

[52]

[53]

[54]

[55]

[56]

[57]

[58]

[59]

[60])
<graphics/yolo_eval/model_n/results.png, id=2388, 867.24pt x 433.62pt>
File: graphics/yolo_eval/model_n/results.png Graphic file (type png)
<use graphics/yolo_eval/model_n/results.png>
Package pdftex.def Info: graphics/yolo_eval/model_n/results.png  used on input line 100.
(pdftex.def)             Requested size: 409.71692pt x 204.86006pt.
<graphics/yolo_eval/model_s/results.png, id=2391, 867.24pt x 433.62pt>
File: graphics/yolo_eval/model_s/results.png Graphic file (type png)
<use graphics/yolo_eval/model_s/results.png>
Package pdftex.def Info: graphics/yolo_eval/model_s/results.png  used on input line 107.
(pdftex.def)             Requested size: 409.71692pt x 204.86006pt.
<graphics/yolo_eval/model_s/BoxPR_curve.png, id=2394, 650.43pt x 433.62pt>
File: graphics/yolo_eval/model_s/BoxPR_curve.png Graphic file (type png)
<use graphics/yolo_eval/model_s/BoxPR_curve.png>
Package pdftex.def Info: graphics/yolo_eval/model_s/BoxPR_curve.png  used on input line 114.
(pdftex.def)             Requested size: 409.71692pt x 273.14896pt.
)

[61 <./graphics/yolo_eval/model_n/results.png>]

[62 <./graphics/yolo_eval/model_s/results.png> <./graphics/yolo_eval/model_s/BoxPR_curve.png>]
Overfull \hbox (13.77452pt too wide) in paragraph at lines 69--69
[][]\T1/cmr/bx/n/10.95 Alfaro-Viquez, Da-vid; Zamora-Hernandez, Mau-ri-cio; Fernandez-Vega, Mi-cha-el; Garcia-
 []


Overfull \hbox (0.60065pt too wide) in paragraph at lines 69--69
[][]\T1/cmr/bx/n/10.95 Berroukham, Ab-del-ha-fid; Hous-ni, Kha-lid; Lah-rai-chi, Mo-ham-med (2023)\T1/cmr/m/n/10.95 : Vi-si-on Trans-
 []



[63


]
Overfull \hbox (11.6952pt too wide) in paragraph at lines 69--69
[][]\T1/cmr/m/it/10.95 Genesis-Embodied-AI/Genesis \T1/cmr/m/n/10.95 (2025). original-date: 2023-10-31T03:33:11Z. \T1/cmr/m/sc/10.95 url\T1/cmr/m/n/10.95 : []$\T1/cmtt/m/n/10.95 https : / / github .
 []



[64]

[65]

[66]
Overfull \hbox (0.84093pt too wide) in paragraph at lines 69--69
[][]\T1/cmr/bx/n/10.95 Trunzer, Ema-nu-el; Pireh-ga-lin, Mi-na Fa-hi-mi; Vogel-Heuser, Bir-git; Oden-wel-ler, Matt-
 []


Package biblatex Warning: Field 'extrayear' is deprecated.
(biblatex)                Please use 'extradate' instead.
(biblatex)                Using 'extradate' now.



[67]

[68] (includes/erklaerung_ki.tex
Underfull \hbox (badness 10000) in paragraph at lines 37--37
[]|\T1/cmr/bx/n/10.95 Eingesetzte [][]-
 []


Underfull \hbox (badness 10000) in paragraph at lines 37--37
[]|\T1/cmr/m/n/10.95 Literaturverwaltung und
 []


Underfull \hbox (badness 2600) in paragraph at lines 37--37
[]|\T1/cmr/m/n/10.95 Formulierung des Tex-tes
 []


Overfull \hbox (10.88788pt too wide) in paragraph at lines 16--38
[] 
 []



[69



]

[70]) (template/_dhbw_erklaerung.tex)

[71


] (latex-vorlage.aux)
 ***********
LaTeX2e <2025-06-01> patch level 1
L3 programming layer <2025-07-20>
 ***********
Package logreq Info: Writing requests to 'latex-vorlage.run.xml'.
\openout1 = `latex-vorlage.run.xml'.

 ) 
Here is how much of TeX's memory you used:
 43919 strings out of 468134
 885277 string characters out of 5428804
 2094083 words of memory out of 5000000
 70431 multiletter control sequences out of 15000+600000
 656150 words of font info for 110 fonts, out of 8000000 for 9000
 1143 hyphenation exceptions out of 8191
 115i,20n,127p,10986b,2369s stack positions out of 10000i,1000n,20000p,200000b,200000s
 <C:\Users\WolframFe\AppData\Local\MiKTeX\fonts/pk/ljfour/jknappen/ec/dpi600\ecti1000.pk> <C:\Users\WolframFe\AppData\Local\MiKTeX\fonts/pk/ljfour/jknappen/ec/dpi600\ecbx1200.pk> <C:\Users\WolframFe\AppData\Local\MiKTeX\fonts/pk/ljfour/jknappen/ec/dpi600\ectt1095.pk> <C:\Users\WolframFe\AppData\Local\MiKTeX\fonts/pk/ljfour/jknappen/ec/dpi600\eccc1095.pk> <C:\Users\WolframFe\AppData\Local\MiKTeX\fonts/pk/ljfour/jknappen/ec/dpi600\ectt1000.pk> <C:\Users\WolframFe\AppData\Local\MiKTeX\fonts/pk/ljfour/jknappen/ec/dpi600\ecso1440.pk> <C:\Users\WolframFe\AppData\Local\MiKTeX\fonts/pk/ljfour/jknappen/ec/dpi600\ecti0900.pk> <C:\Users\WolframFe\AppData\Local\MiKTeX\fonts/pk/ljfour/jknappen/ec/dpi600\ecrm1000.pk> <C:\Users\WolframFe\AppData\Local\MiKTeX\fonts/pk/ljfour/jknappen/ec/dpi600\tcrm1095.pk> <C:\Users\WolframFe\AppData\Local\MiKTeX\fonts/pk/ljfour/jknappen/ec/dpi600\ecrm0900.pk> <C:\Users\WolframFe\AppData\Local\MiKTeX\fonts/pk/ljfour/jknappen/ec/dpi600\ecrm0600.pk> <C:\Users\WolframFe\AppData\Local\MiKTeX\fonts/pk/ljfour/jknappen/ec/dpi600\ecrm0800.pk> <C:\Users\WolframFe\AppData\Local\MiKTeX\fonts/pk/ljfour/jknappen/ec/dpi600\ecsx1200.pk> <C:\Users\WolframFe\AppData\Local\MiKTeX\fonts/pk/ljfour/jknappen/ec/dpi600\ecti1095.pk> <C:\Users\WolframFe\AppData\Local\MiKTeX\fonts/pk/ljfour/jknappen/ec/dpi600\ecsl1095.pk> <C:\Users\WolframFe\AppData\Local\MiKTeX\fonts/pk/ljfour/jknappen/ec/dpi600\ecbx1095.pk> <C:\Users\WolframFe\AppData\Local\MiKTeX\fonts/pk/ljfour/jknappen/ec/dpi600\ecsx1095.pk> <C:\Users\WolframFe\AppData\Local\MiKTeX\fonts/pk/ljfour/jknappen/ec/dpi600\ecsx1440.pk> <C:\Users\WolframFe\AppData\Local\MiKTeX\fonts/pk/ljfour/jknappen/ec/dpi600\eccc1200.pk> <C:\Users\WolframFe\AppData\Local\MiKTeX\fonts/pk/ljfour/jknappen/ec/dpi600\ecrm1095.pk> <C:\Users\WolframFe\AppData\Local\MiKTeX\fonts/pk/ljfour/jknappen/ec/dpi600\ecrm1440.pk> <C:\Users\WolframFe\AppData\Local\MiKTeX\fonts/pk/ljfour/jknappen/ec/dpi600\ecsx1728.pk><C:/Users/WolframFe/AppData/Local/Programs/MiKTeX/fonts/type1/public/amsfonts/cm/cmex10.pfb><C:/Users/WolframFe/AppData/Local/Programs/MiKTeX/fonts/type1/public/amsfonts/cm/cmmi10.pfb><C:/Users/WolframFe/AppData/Local/Programs/MiKTeX/fonts/type1/public/amsfonts/cm/cmr10.pfb><C:/Users/WolframFe/AppData/Local/Programs/MiKTeX/fonts/type1/public/amsfonts/cm/cmr8.pfb>
Output written on latex-vorlage.pdf (78 pages, 4230685 bytes).
PDF statistics:
 4113 PDF objects out of 4296 (max. 8388607)
 1455 named destinations out of 1728 (max. 500000)
 598 words of extra memory for PDF output out of 10000 (max. 10000000)

